Using pre-set license
Built from '2020.3/release' branch; Version is '2020.3.31f1 (6b54b7616050) revision 7034039'; Using compiler version '192528614'; Build Type 'Release'
OS: 'Windows 11  (10.0.22000) 64bit CoreSingleLanguage' Language: 'en' Physical Memory: 10187 MB
BatchMode: 1, IsHumanControllingUs: 0, StartBugReporterOnCrash: 0, Is64bit: 1, IsPro: 0

COMMAND LINE ARGUMENTS:
D:\UNITY\2020.3.31f1\Editor\Unity.exe
-adb2
-batchMode
-noUpm
-name
AssetImportWorker0
-projectPath
D:/PROJECT/UnityKingdom2D/UnityKingdom2D
-logFile
Logs/AssetImportWorker0.log
-srvPort
55637
Successfully changed project path to: D:/PROJECT/UnityKingdom2D/UnityKingdom2D
D:/PROJECT/UnityKingdom2D/UnityKingdom2D
Using Asset Import Pipeline V2.
Refreshing native plugins compatible for Editor in 92.57 ms, found 3 plugins.
Preloading 0 native plugins for Editor in 0.00 ms.
Initialize engine version: 2020.3.31f1 (6b54b7616050)
[Subsystems] Discovering subsystems at path D:/UNITY/2020.3.31f1/Editor/Data/Resources/UnitySubsystems
[Subsystems] Discovering subsystems at path D:/PROJECT/UnityKingdom2D/UnityKingdom2D/Assets
GfxDevice: creating device client; threaded=0
Direct3D:
    Version:  Direct3D 11.0 [level 11.1]
    Renderer: AMD Radeon(TM) RX Vega 10 Graphics (ID=0x15d8)
    Vendor:   
    VRAM:     5093 MB
    Driver:   30.0.13022.3
Initialize mono
Mono path[0] = 'D:/UNITY/2020.3.31f1/Editor/Data/Managed'
Mono path[1] = 'D:/UNITY/2020.3.31f1/Editor/Data/MonoBleedingEdge/lib/mono/unityjit'
Mono config path = 'D:/UNITY/2020.3.31f1/Editor/Data/MonoBleedingEdge/etc'
Using monoOptions --debugger-agent=transport=dt_socket,embedding=1,server=y,suspend=n,address=127.0.0.1:56260
Begin MonoManager ReloadAssembly
Registering precompiled unity dll's ...
Register platform support module: D:/UNITY/2020.3.31f1/Editor/Data/PlaybackEngines/WindowsStandaloneSupport/UnityEditor.WindowsStandalone.Extensions.dll
Registered in 0.001200 seconds.
Native extension for WindowsStandalone target not found
Refreshing native plugins compatible for Editor in 56.30 ms, found 3 plugins.
Preloading 0 native plugins for Editor in 0.00 ms.
Mono: successfully reloaded assembly
- Completed reload, in  0.788 seconds
Domain Reload Profiling:
	ReloadAssembly (788ms)
		BeginReloadAssembly (163ms)
			ExecutionOrderSort (0ms)
			DisableScriptedObjects (0ms)
			BackupInstance (0ms)
			ReleaseScriptingObjects (0ms)
			CreateAndSetChildDomain (1ms)
		EndReloadAssembly (528ms)
			LoadAssemblies (162ms)
			RebuildTransferFunctionScriptingTraits (0ms)
			SetupTypeCache (174ms)
			ReleaseScriptCaches (0ms)
			RebuildScriptCaches (38ms)
			SetupLoadedEditorAssemblies (199ms)
				LogAssemblyErrors (0ms)
				InitializePlatformSupportModulesInManaged (5ms)
				SetLoadedEditorAssemblies (0ms)
				RefreshPlugins (56ms)
				BeforeProcessingInitializeOnLoad (9ms)
				ProcessInitializeOnLoadAttributes (94ms)
				ProcessInitializeOnLoadMethodAttributes (34ms)
				AfterProcessingInitializeOnLoad (0ms)
				EditorAssembliesLoaded (0ms)
			ExecutionOrderSort2 (0ms)
			AwakeInstancesAfterBackupRestoration (0ms)
Platform modules already initialized, skipping
Registering precompiled user dll's ...
Registered in 0.003396 seconds.
Begin MonoManager ReloadAssembly
Native extension for WindowsStandalone target not found
Refreshing native plugins compatible for Editor in 53.72 ms, found 3 plugins.
Preloading 0 native plugins for Editor in 0.00 ms.
Mono: successfully reloaded assembly
- Completed reload, in  1.478 seconds
Domain Reload Profiling:
	ReloadAssembly (1480ms)
		BeginReloadAssembly (298ms)
			ExecutionOrderSort (0ms)
			DisableScriptedObjects (6ms)
			BackupInstance (0ms)
			ReleaseScriptingObjects (0ms)
			CreateAndSetChildDomain (51ms)
		EndReloadAssembly (1067ms)
			LoadAssemblies (216ms)
			RebuildTransferFunctionScriptingTraits (0ms)
			SetupTypeCache (324ms)
			ReleaseScriptCaches (1ms)
			RebuildScriptCaches (57ms)
			SetupLoadedEditorAssemblies (428ms)
				LogAssemblyErrors (0ms)
				InitializePlatformSupportModulesInManaged (4ms)
				SetLoadedEditorAssemblies (0ms)
				RefreshPlugins (54ms)
				BeforeProcessingInitializeOnLoad (68ms)
				ProcessInitializeOnLoadAttributes (255ms)
				ProcessInitializeOnLoadMethodAttributes (44ms)
				AfterProcessingInitializeOnLoad (4ms)
				EditorAssembliesLoaded (0ms)
			ExecutionOrderSort2 (0ms)
			AwakeInstancesAfterBackupRestoration (13ms)
Platform modules already initialized, skipping
========================================================================
Worker process is ready to serve import requests
Launched and connected shader compiler UnityShaderCompiler.exe after 0.13 seconds
Refreshing native plugins compatible for Editor in 1.31 ms, found 3 plugins.
Preloading 0 native plugins for Editor in 0.00 ms.
Unloading 2200 Unused Serialized files (Serialized files now loaded: 0)
System memory in use before: 97.1 MB.
System memory in use after: 97.0 MB.

Unloading 31 unused Assets to reduce memory usage. Loaded Objects now: 2632.
Total: 8.494000 ms (FindLiveObjects: 0.333400 ms CreateObjectMapping: 0.145700 ms MarkObjects: 7.660900 ms  DeleteObjects: 0.351600 ms)

AssetImportParameters requested are different than current active one (requested -> active):
  custom:framework-win-MediaFoundation: 216162199b28c13a410421893ffa2e32 -> 
  custom:video-decoder-ogg-theora: a1e56fd34408186e4bbccfd4996cb3dc -> 
  custom:container-muxer-webm: aa71ff27fc2769a1b78a27578f13a17b -> 
  custom:container-demuxer-webm: 4f35f7cbe854078d1ac9338744f61a02 -> 
  custom:container-demuxer-ogg: 62fdf1f143b41e24485cea50d1cbac27 -> 
  custom:video-encoder-webm-vp8: eb34c28f22e8b96e1ab97ce403110664 -> 
  custom:video-decoder-webm-vp8: 9c59270c3fd7afecdb556c50c9e8de78 -> 
  custom:audio-decoder-ogg-vorbis: bf7c407c2cedff20999df2af8eb42d56 -> 
  custom:audio-encoder-webm-vorbis: bf7c407c2cedff20999df2af8eb42d56 -> 
========================================================================
Received Import Request.
  path: Assets/Resources/Sprites/Objects/envi1_GFX_79.controller
  artifactKey: Guid(35d66e03fecadc444b7003b4c688624a) Importer(815301076,1909f56bfc062723c751e8b465ee728b)
Start importing Assets/Resources/Sprites/Objects/envi1_GFX_79.controller using Guid(35d66e03fecadc444b7003b4c688624a) Importer(815301076,1909f56bfc062723c751e8b465ee728b)  -> (artifact id: 'ff02424caf4e39503fba15f83ee50765') in 0.158539 seconds 
========================================================================
Received Import Request.
  Time since last request: 910.276730 seconds.
  path: Assets/Resources/Sprites/Objects/overworld_GFX.png
  artifactKey: Guid(106e52f29b54c8942b647fe81d481c79) Importer(815301076,1909f56bfc062723c751e8b465ee728b)
Start importing Assets/Resources/Sprites/Objects/overworld_GFX.png using Guid(106e52f29b54c8942b647fe81d481c79) Importer(815301076,1909f56bfc062723c751e8b465ee728b)  -> (artifact id: 'd5d01665e2ab6efbb0c59169b95f78c2') in 3.156448 seconds 
========================================================================
Received Import Request.
  Time since last request: 202.513792 seconds.
  path: Assets/Resources/Sprites/Objects/Fountain.anim
  artifactKey: Guid(2882025de538b7a4ea5b6d77763e85f5) Importer(815301076,1909f56bfc062723c751e8b465ee728b)
Start importing Assets/Resources/Sprites/Objects/Fountain.anim using Guid(2882025de538b7a4ea5b6d77763e85f5) Importer(815301076,1909f56bfc062723c751e8b465ee728b)  -> (artifact id: '00000000000000000000000000000000') in 0.714563 seconds  code(4) message(Build asset version error: assets/resources/sprites/objects/fountain.anim in SourceAssetDB has modification time of '2022-05-12T13:52:36.0153546Z' while content on disk has modification time of '0001-01-01T00:00:00Z' with error code 2
Stacktrace:
0x00007ff6c059e54c (Unity) StackWalker::GetCurrentCallstack
0x00007ff6c05a5b49 (Unity) StackWalker::ShowCallstack
0x00007ff6c133629c (Unity) GetStacktrace
0x00007ff6c1487537 (Unity) GetAssetHashAndValidate
0x00007ff6c148278e (Unity) AssetVersionBuilder::BuildHashOfSourceAssetArray
0x00007ff6c14805c4 (Unity) AssetVersionBuilder::BuildAssetVersion
0x00007ff6c145aa8d (Unity) CreateAssetVersionBuilder
0x00007ff6c14614b5 (Unity) ImportToObjects
0x00007ff6c1460258 (Unity) ImportAsset
0x00007ff6c13f90a8 (Unity) AssetImportWorker::Import
0x00007ff6c141f21c (Unity) <lambda_b123f039090cb0dbc945ab4402a71fca>::operator()
0x00007ff6c14a7732 (Unity) asio::detail::completion_handler<core::mutable_function<void __cdecl(void)> >::do_complete
0x00007ff6c14a9890 (Unity) asio::detail::win_iocp_io_service::do_one
0x00007ff6c14ad00e (Unity) asio::io_service::run
0x00007ff6c144836b (Unity) RunAssetImportWorkerClientV2
0x00007ff6c14483c0 (Unity) RunAssetImporterV2
0x00007ff6c0ec1539 (Unity) Application::InitializeProject
0x00007ff6c1340622 (Unity) WinMain
0x00007ff6c29ddf4e (Unity) __scrt_common_main_seh
0x00007ff9757354e0 (KERNEL32) BaseThreadInitThunk
0x00007ff9768e485b (ntdll) RtlUserThreadStart
)
  ERROR: Build asset version error: assets/resources/sprites/objects/fountain.anim in SourceAssetDB has modification time of '2022-05-12T13:52:36.0153546Z' while content on disk has modification time of '0001-01-01T00:00:00Z' with error code 2
Stacktrace:
0x00007ff6c059e54c (Unity) StackWalker::GetCurrentCallstack
0x00007ff6c05a5b49 (Unity) StackWalker::ShowCallstack
0x00007ff6c133629c (Unity) GetStacktrace
0x00007ff6c1487537 (Unity) GetAssetHashAndValidate
0x00007ff6c148278e (Unity) AssetVersionBuilder::BuildHashOfSourceAssetArray
0x00007ff6c14805c4 (Unity) AssetVersionBuilder::BuildAssetVersion
0x00007ff6c145aa8d (Unity) CreateAssetVersionBuilder
0x00007ff6c14614b5 (Unity) ImportToObjects
0x00007ff6c1460258 (Unity) ImportAsset
0x00007ff6c13f90a8 (Unity) AssetImportWorker::Import
0x00007ff6c141f21c (Unity) <lambda_b123f039090cb0dbc945ab4402a71fca>::operator()
0x00007ff6c14a7732 (Unity) asio::detail::completion_handler<core::mutable_function<void __cdecl(void)> >::do_complete
0x00007ff6c14a9890 (Unity) asio::detail::win_iocp_io_service::do_one
0x00007ff6c14ad00e (Unity) asio::io_service::run
0x00007ff6c144836b (Unity) RunAssetImportWorkerClientV2
0x00007ff6c14483c0 (Unity) RunAssetImporterV2
0x00007ff6c0ec1539 (Unity) Application::InitializeProject
0x00007ff6c1340622 (Unity) WinMain
0x00007ff6c29ddf4e (Unity) __scrt_common_main_seh
0x00007ff9757354e0 (KERNEL32) BaseThreadInitThunk
0x00007ff9768e485b (ntdll) RtlUserThreadStart

========================================================================
Received Import Request.
  Time since last request: 85.668431 seconds.
  path: Assets/Resources/Sprites/Objects/overworld_GFX_435.controller
  artifactKey: Guid(d084e35444db9914089a361c481970cb) Importer(815301076,1909f56bfc062723c751e8b465ee728b)
Start importing Assets/Resources/Sprites/Objects/overworld_GFX_435.controller using Guid(d084e35444db9914089a361c481970cb) Importer(815301076,1909f56bfc062723c751e8b465ee728b)  -> (artifact id: '5ea5c44f1140fd022b9d4749e10a6a76') in 0.017424 seconds 
========================================================================
Received Import Request.
  Time since last request: 336.989933 seconds.
  path: Assets/Resources/Animator/shelleffect_LPC_0.controller
  artifactKey: Guid(4a5298d9f516c33488fa7693e9d0be71) Importer(815301076,1909f56bfc062723c751e8b465ee728b)
Start importing Assets/Resources/Animator/shelleffect_LPC_0.controller using Guid(4a5298d9f516c33488fa7693e9d0be71) Importer(815301076,1909f56bfc062723c751e8b465ee728b)  -> (artifact id: '1e69b3b2bf22f74bf371af142ef0102a') in 0.015915 seconds 
========================================================================
Received Import Request.
  Time since last request: 11.022095 seconds.
  path: Assets/Resources/Animator/ShellEffect.controller
  artifactKey: Guid(4a5298d9f516c33488fa7693e9d0be71) Importer(815301076,1909f56bfc062723c751e8b465ee728b)
Start importing Assets/Resources/Animator/ShellEffect.controller using Guid(4a5298d9f516c33488fa7693e9d0be71) Importer(815301076,1909f56bfc062723c751e8b465ee728b)  -> (artifact id: '2043002aa1755354a6fdc0040e3909ff') in 0.017201 seconds 
========================================================================
Received Import Request.
  Time since last request: 15.795407 seconds.
  path: Assets/Resources/Animator/overworld_GFX_972.controller
  artifactKey: Guid(5744c44eda528bd4ab81984d27db8953) Importer(815301076,1909f56bfc062723c751e8b465ee728b)
Start importing Assets/Resources/Animator/overworld_GFX_972.controller using Guid(5744c44eda528bd4ab81984d27db8953) Importer(815301076,1909f56bfc062723c751e8b465ee728b)  -> (artifact id: '127dcda0b7e7eee0997bb3c838997bf8') in 0.016622 seconds 
========================================================================
Received Import Request.
  Time since last request: 11.009448 seconds.
  path: Assets/Resources/Animator/Fountain.anim
  artifactKey: Guid(5a85d80c9b8c846458e155c7d0b79e76) Importer(815301076,1909f56bfc062723c751e8b465ee728b)
Start importing Assets/Resources/Animator/Fountain.anim using Guid(5a85d80c9b8c846458e155c7d0b79e76) Importer(815301076,1909f56bfc062723c751e8b465ee728b)  -> (artifact id: '6fdef78e57968bee0bcfd0321838277e') in 0.014066 seconds 
========================================================================
Received Import Request.
  Time since last request: 0.712949 seconds.
  path: Assets/Resources/Animator/overworld_GFX_435.controller
  artifactKey: Guid(eb4520b83adcf7e4b9c4f06e13bd05eb) Importer(815301076,1909f56bfc062723c751e8b465ee728b)
Start importing Assets/Resources/Animator/overworld_GFX_435.controller using Guid(eb4520b83adcf7e4b9c4f06e13bd05eb) Importer(815301076,1909f56bfc062723c751e8b465ee728b)  -> (artifact id: 'c154327b4b8d2bdae3ba12dbc1435a35') in 0.006368 seconds 
========================================================================
Received Import Request.
  Time since last request: 6.100681 seconds.
  path: Assets/Resources/Animator/Fountain.controller
  artifactKey: Guid(eb4520b83adcf7e4b9c4f06e13bd05eb) Importer(815301076,1909f56bfc062723c751e8b465ee728b)
Start importing Assets/Resources/Animator/Fountain.controller using Guid(eb4520b83adcf7e4b9c4f06e13bd05eb) Importer(815301076,1909f56bfc062723c751e8b465ee728b)  -> (artifact id: 'b88909d8c4fdf71916f050b715ae7604') in 0.007443 seconds 
========================================================================
Received Import Request.
  Time since last request: 3.629952 seconds.
  path: Assets/Resources/Animator/Flag.anim
  artifactKey: Guid(010d8eea9d1c9f2478d59fa4a2dba8f7) Importer(815301076,1909f56bfc062723c751e8b465ee728b)
Start importing Assets/Resources/Animator/Flag.anim using Guid(010d8eea9d1c9f2478d59fa4a2dba8f7) Importer(815301076,1909f56bfc062723c751e8b465ee728b)  -> (artifact id: '699713c2448e24c71e46ecae76d5426c') in 0.014459 seconds 
========================================================================
Received Import Request.
  Time since last request: 1.046790 seconds.
  path: Assets/Resources/Animator/Flag.controller
  artifactKey: Guid(5744c44eda528bd4ab81984d27db8953) Importer(815301076,1909f56bfc062723c751e8b465ee728b)
Start importing Assets/Resources/Animator/Flag.controller using Guid(5744c44eda528bd4ab81984d27db8953) Importer(815301076,1909f56bfc062723c751e8b465ee728b)  -> (artifact id: '5b130f8d65a535bd386f872bf7f5b280') in 0.007719 seconds 
========================================================================
Received Import Request.
  Time since last request: 31.326199 seconds.
  path: Assets/Resources/Animator/ShellEffect.anim
  artifactKey: Guid(11102922b061235439f841e7f5e42c71) Importer(815301076,1909f56bfc062723c751e8b465ee728b)
Start importing Assets/Resources/Animator/ShellEffect.anim using Guid(11102922b061235439f841e7f5e42c71) Importer(815301076,1909f56bfc062723c751e8b465ee728b)  -> (artifact id: 'ec06bdc2d6335cca0fb991e9e014dee1') in 0.005692 seconds 
========================================================================
Received Import Request.
  Time since last request: 439.125065 seconds.
  path: Assets/Resources/Sprites/Objects/Water_Style3.anim
  artifactKey: Guid(0205a21508dddb94d896996cfe36ba4c) Importer(815301076,1909f56bfc062723c751e8b465ee728b)
Start importing Assets/Resources/Sprites/Objects/Water_Style3.anim using Guid(0205a21508dddb94d896996cfe36ba4c) Importer(815301076,1909f56bfc062723c751e8b465ee728b)  -> (artifact id: '5d8356a5507a7f4a15cab17f0c12942d') in 0.016005 seconds 
========================================================================
Received Import Request.
  Time since last request: 7.653885 seconds.
  path: Assets/Resources/Sprites/Objects/wave_LPC_36.controller
  artifactKey: Guid(f5a1ad02c9887ab499fbf1ebdfb0ba55) Importer(815301076,1909f56bfc062723c751e8b465ee728b)
Start importing Assets/Resources/Sprites/Objects/wave_LPC_36.controller using Guid(f5a1ad02c9887ab499fbf1ebdfb0ba55) Importer(815301076,1909f56bfc062723c751e8b465ee728b)  -> (artifact id: 'ce5d9c6e8e2fec90242dc3857e4ad71b') in 0.015328 seconds 
========================================================================
Received Import Request.
  Time since last request: 34.456352 seconds.
  path: Assets/Resources/Animator/wave_LPC_0.controller
  artifactKey: Guid(6400c7d5e4ad3264d80e343ecddf7c0c) Importer(815301076,1909f56bfc062723c751e8b465ee728b)
Start importing Assets/Resources/Animator/wave_LPC_0.controller using Guid(6400c7d5e4ad3264d80e343ecddf7c0c) Importer(815301076,1909f56bfc062723c751e8b465ee728b)  -> (artifact id: '3a43f84b094e865bf146e4f7b1be026b') in 0.018422 seconds 
========================================================================
Received Import Request.
  Time since last request: 15.430563 seconds.
  path: Assets/Resources/Animator/Water_Style1.controller
  artifactKey: Guid(6400c7d5e4ad3264d80e343ecddf7c0c) Importer(815301076,1909f56bfc062723c751e8b465ee728b)
Start importing Assets/Resources/Animator/Water_Style1.controller using Guid(6400c7d5e4ad3264d80e343ecddf7c0c) Importer(815301076,1909f56bfc062723c751e8b465ee728b)  -> (artifact id: 'e2afb31dbdd30c4c197f569e6c70d2ce') in 0.014673 seconds 
========================================================================
Received Import Request.
  Time since last request: 1.407007 seconds.
  path: Assets/Resources/Animator/wave_LPC_3.controller
  artifactKey: Guid(28cf3c15d17cfe14d8fe6a3c59c4d22f) Importer(815301076,1909f56bfc062723c751e8b465ee728b)
Start importing Assets/Resources/Animator/wave_LPC_3.controller using Guid(28cf3c15d17cfe14d8fe6a3c59c4d22f) Importer(815301076,1909f56bfc062723c751e8b465ee728b)  -> (artifact id: '5fb7021d67c8a1b2a5fa28b9c6c51d8b') in 0.016263 seconds 
========================================================================
Received Import Request.
  Time since last request: 8.233458 seconds.
  path: Assets/Resources/Animator/Water_Style2.controller
  artifactKey: Guid(28cf3c15d17cfe14d8fe6a3c59c4d22f) Importer(815301076,1909f56bfc062723c751e8b465ee728b)
Start importing Assets/Resources/Animator/Water_Style2.controller using Guid(28cf3c15d17cfe14d8fe6a3c59c4d22f) Importer(815301076,1909f56bfc062723c751e8b465ee728b)  -> (artifact id: '962bcee31f5967be687cf5393199dd37') in 0.015286 seconds 
========================================================================
Received Import Request.
  Time since last request: 11.569323 seconds.
  path: Assets/Resources/Animator/Water_Style1.anim
  artifactKey: Guid(7778e2da26b83ec499dd0fe5f5d5a966) Importer(815301076,1909f56bfc062723c751e8b465ee728b)
Start importing Assets/Resources/Animator/Water_Style1.anim using Guid(7778e2da26b83ec499dd0fe5f5d5a966) Importer(815301076,1909f56bfc062723c751e8b465ee728b)  -> (artifact id: '432a5ff53fe2841d276867aaa1f9e073') in 0.005899 seconds 
========================================================================
Received Import Request.
  Time since last request: 0.394061 seconds.
  path: Assets/Resources/Animator/Water_Style2.anim
  artifactKey: Guid(a69b05ecc8658b34596bc89b21463e2d) Importer(815301076,1909f56bfc062723c751e8b465ee728b)
Start importing Assets/Resources/Animator/Water_Style2.anim using Guid(a69b05ecc8658b34596bc89b21463e2d) Importer(815301076,1909f56bfc062723c751e8b465ee728b)  -> (artifact id: '6231c83b0691a19b2e5ccc96e48ffd2e') in 0.006119 seconds 
========================================================================
Received Import Request.
  Time since last request: 15.848897 seconds.
  path: Assets/Resources/Sprites/Objects/Water_Style3.controller
  artifactKey: Guid(f5a1ad02c9887ab499fbf1ebdfb0ba55) Importer(815301076,1909f56bfc062723c751e8b465ee728b)
Start importing Assets/Resources/Sprites/Objects/Water_Style3.controller using Guid(f5a1ad02c9887ab499fbf1ebdfb0ba55) Importer(815301076,1909f56bfc062723c751e8b465ee728b)  -> (artifact id: 'b9b1dd0729efb65ec0c69d8a2c3337aa') in 0.007782 seconds 
========================================================================
Received Import Request.
  Time since last request: 420.984443 seconds.
  path: Assets/Resources/Prefabs/Stuffs/Hole.prefab
  artifactKey: Guid(4c273797868350d48a2fe880066d0fb4) Importer(815301076,1909f56bfc062723c751e8b465ee728b)
Start importing Assets/Resources/Prefabs/Stuffs/Hole.prefab using Guid(4c273797868350d48a2fe880066d0fb4) Importer(815301076,1909f56bfc062723c751e8b465ee728b)  -> (artifact id: '0f617c99dfc89d54f999ff3020fffa41') in 0.112646 seconds 
========================================================================
Received Import Request.
  Time since last request: 1.541005 seconds.
  path: Assets/Resources/Prefabs/Stuffs/Water_Style3.prefab
  artifactKey: Guid(225348feb8c4e414c89d1a9f402557d6) Importer(815301076,1909f56bfc062723c751e8b465ee728b)
Start importing Assets/Resources/Prefabs/Stuffs/Water_Style3.prefab using Guid(225348feb8c4e414c89d1a9f402557d6) Importer(815301076,1909f56bfc062723c751e8b465ee728b)  -> (artifact id: '72bfcfcf7ce16106566c9acadc236efb') in 0.033386 seconds 
========================================================================
Received Import Request.
  Time since last request: 1.580309 seconds.
  path: Assets/Resources/Prefabs/Stuffs/Water_Style2.prefab
  artifactKey: Guid(0ac0abdead6639a4796d0956b152e12c) Importer(815301076,1909f56bfc062723c751e8b465ee728b)
Start importing Assets/Resources/Prefabs/Stuffs/Water_Style2.prefab using Guid(0ac0abdead6639a4796d0956b152e12c) Importer(815301076,1909f56bfc062723c751e8b465ee728b)  -> (artifact id: '90eababf23aef682a34037248b913080') in 0.030549 seconds 
========================================================================
Received Import Request.
  Time since last request: 1.733321 seconds.
  path: Assets/Resources/Prefabs/Stuffs/Water_Style1.prefab
  artifactKey: Guid(471b850400d6e5c4c882e44e718f4689) Importer(815301076,1909f56bfc062723c751e8b465ee728b)
Start importing Assets/Resources/Prefabs/Stuffs/Water_Style1.prefab using Guid(471b850400d6e5c4c882e44e718f4689) Importer(815301076,1909f56bfc062723c751e8b465ee728b)  -> (artifact id: '309d07895bf8c85656c6aaaa43952df9') in 0.031131 seconds 
========================================================================
Received Import Request.
  Time since last request: 1.712463 seconds.
  path: Assets/Resources/Prefabs/Stuffs/ShellEffect.prefab
  artifactKey: Guid(35d7ae75b4f4d67498ab69b5002a968d) Importer(815301076,1909f56bfc062723c751e8b465ee728b)
Start importing Assets/Resources/Prefabs/Stuffs/ShellEffect.prefab using Guid(35d7ae75b4f4d67498ab69b5002a968d) Importer(815301076,1909f56bfc062723c751e8b465ee728b)  -> (artifact id: '78b99d3b23d26b48396d1ee7caea7a37') in 0.028574 seconds 
========================================================================
Received Import Request.
  Time since last request: 1.563916 seconds.
  path: Assets/Resources/Prefabs/Stuffs/Fountain.prefab
  artifactKey: Guid(929b12f6b4d79eb4fb9d38e153a8f3e7) Importer(815301076,1909f56bfc062723c751e8b465ee728b)
Start importing Assets/Resources/Prefabs/Stuffs/Fountain.prefab using Guid(929b12f6b4d79eb4fb9d38e153a8f3e7) Importer(815301076,1909f56bfc062723c751e8b465ee728b)  -> (artifact id: '35344edd122c64675074d104adb74e2a') in 0.031686 seconds 
========================================================================
Received Import Request.
  Time since last request: 1.801907 seconds.
  path: Assets/Resources/Prefabs/Stuffs/Flag.prefab
  artifactKey: Guid(0459bad739c45ae46809ec6e195a2dea) Importer(815301076,1909f56bfc062723c751e8b465ee728b)
Start importing Assets/Resources/Prefabs/Stuffs/Flag.prefab using Guid(0459bad739c45ae46809ec6e195a2dea) Importer(815301076,1909f56bfc062723c751e8b465ee728b)  -> (artifact id: '31ecf3e97d61fdac336ba0e1979fefc6') in 0.035262 seconds 
========================================================================
Received Import Request.
  Time since last request: 1.833433 seconds.
  path: Assets/Resources/Prefabs/Stuffs/Smoke.prefab
  artifactKey: Guid(619ff14bff914b14095c2c59101ca1d9) Importer(815301076,1909f56bfc062723c751e8b465ee728b)
Start importing Assets/Resources/Prefabs/Stuffs/Smoke.prefab using Guid(619ff14bff914b14095c2c59101ca1d9) Importer(815301076,1909f56bfc062723c751e8b465ee728b)  -> (artifact id: 'e28fa14aa364fe475e70de6d328185de') in 0.031006 seconds 
========================================================================
Received Import Request.
  Time since last request: 1.868743 seconds.
  path: Assets/Resources/Prefabs/Stuffs/CastLight.prefab
  artifactKey: Guid(4edfc2b8ceb42b04586776f59affa6fb) Importer(815301076,1909f56bfc062723c751e8b465ee728b)
Start importing Assets/Resources/Prefabs/Stuffs/CastLight.prefab using Guid(4edfc2b8ceb42b04586776f59affa6fb) Importer(815301076,1909f56bfc062723c751e8b465ee728b)  -> (artifact id: '708ed82e928e6f01095db377473fdf42') in 0.026526 seconds 
========================================================================
Received Import Request.
  Time since last request: 2.509292 seconds.
  path: Assets/Resources/Prefabs/Stuffs/Fire_Style2.prefab
  artifactKey: Guid(ec3b3329392ecc74ca4b5d3fd2b7ec56) Importer(815301076,1909f56bfc062723c751e8b465ee728b)
Start importing Assets/Resources/Prefabs/Stuffs/Fire_Style2.prefab using Guid(ec3b3329392ecc74ca4b5d3fd2b7ec56) Importer(815301076,1909f56bfc062723c751e8b465ee728b)  -> (artifact id: '8f556fcdfc2fbbb10114c7f240b37da2') in 0.031237 seconds 
========================================================================
Received Import Request.
  Time since last request: 3.995395 seconds.
  path: Assets/Resources/Prefabs/Stuffs/Fire_Style1.prefab
  artifactKey: Guid(e3e9eaddcd5a60945bd01524fee82bbf) Importer(815301076,1909f56bfc062723c751e8b465ee728b)
Start importing Assets/Resources/Prefabs/Stuffs/Fire_Style1.prefab using Guid(e3e9eaddcd5a60945bd01524fee82bbf) Importer(815301076,1909f56bfc062723c751e8b465ee728b)  -> (artifact id: '083b5f18c528c9ac246d580c68114bee') in 0.032551 seconds 
========================================================================
Received Import Request.
  Time since last request: 1460.264252 seconds.
  path: Assets/Resources/Prefabs/Enemies/SkeltCreep.prefab
  artifactKey: Guid(8ce5305348a33a2438cc07155de7a96a) Importer(815301076,1909f56bfc062723c751e8b465ee728b)
Start importing Assets/Resources/Prefabs/Enemies/SkeltCreep.prefab using Guid(8ce5305348a33a2438cc07155de7a96a) Importer(815301076,1909f56bfc062723c751e8b465ee728b)  -> (artifact id: '942aee9f6a418d500755a38ee013fee9') in 0.239114 seconds 
========================================================================
Received Import Request.
  Time since last request: 1.508706 seconds.
  path: Assets/Resources/Prefabs/Enemies/DamageCreep.prefab
  artifactKey: Guid(71c92cb37fc84d54898e1f37ef791296) Importer(815301076,1909f56bfc062723c751e8b465ee728b)
Start importing Assets/Resources/Prefabs/Enemies/DamageCreep.prefab using Guid(71c92cb37fc84d54898e1f37ef791296) Importer(815301076,1909f56bfc062723c751e8b465ee728b)  -> (artifact id: '732856089264621c02f5c08e14ee25a0') in 0.204056 seconds 
========================================================================
Received Import Request.
  Time since last request: 1.614825 seconds.
  path: Assets/Resources/Prefabs/Enemies/NativeCreep.prefab
  artifactKey: Guid(ba8811ffd84b5904db323444f3f81a8a) Importer(815301076,1909f56bfc062723c751e8b465ee728b)
Start importing Assets/Resources/Prefabs/Enemies/NativeCreep.prefab using Guid(ba8811ffd84b5904db323444f3f81a8a) Importer(815301076,1909f56bfc062723c751e8b465ee728b)  -> (artifact id: 'e9db5b9798b7b0d089247afb1fb68e5c') in 0.186233 seconds 
========================================================================
Received Import Request.
  Time since last request: 1.414365 seconds.
  path: Assets/Resources/Prefabs/Enemies/WitchCreep.prefab
  artifactKey: Guid(419afd24914b7044c9e080f300568ae1) Importer(815301076,1909f56bfc062723c751e8b465ee728b)
Start importing Assets/Resources/Prefabs/Enemies/WitchCreep.prefab using Guid(419afd24914b7044c9e080f300568ae1) Importer(815301076,1909f56bfc062723c751e8b465ee728b)  -> (artifact id: '167739314a370c18cc8bec2c5fafbbc8') in 0.188819 seconds 
========================================================================
Received Import Request.
  Time since last request: 1.565448 seconds.
  path: Assets/Resources/Prefabs/Enemies/WarriorCreep.prefab
  artifactKey: Guid(822c8d3a56d628a4890f036f57e4882e) Importer(815301076,1909f56bfc062723c751e8b465ee728b)
Start importing Assets/Resources/Prefabs/Enemies/WarriorCreep.prefab using Guid(822c8d3a56d628a4890f036f57e4882e) Importer(815301076,1909f56bfc062723c751e8b465ee728b)  -> (artifact id: '9d349e24858a510de828d69e929359db') in 0.186670 seconds 
========================================================================
Received Import Request.
  Time since last request: 2.863288 seconds.
  path: Assets/Resources/Prefabs/Players/Player.prefab
  artifactKey: Guid(c491e6906dde4134eb58e416b1bfb30b) Importer(815301076,1909f56bfc062723c751e8b465ee728b)
Start importing Assets/Resources/Prefabs/Players/Player.prefab using Guid(c491e6906dde4134eb58e416b1bfb30b) Importer(815301076,1909f56bfc062723c751e8b465ee728b)  -> (artifact id: '39e2a5551affc1feac696fa953e2bdc7') in 0.246911 seconds 
========================================================================
Received Import Request.
  Time since last request: 130.161005 seconds.
  path: Assets/Resources/Sprites/Maps/inner_GFX.png
  artifactKey: Guid(9e968291c194fdf4fab93488c5cc9cb1) Importer(815301076,1909f56bfc062723c751e8b465ee728b)
Start importing Assets/Resources/Sprites/Maps/inner_GFX.png using Guid(9e968291c194fdf4fab93488c5cc9cb1) Importer(815301076,1909f56bfc062723c751e8b465ee728b)  -> (artifact id: '0cf82bb65a5c4af4d38a470eec0d026a') in 0.031015 seconds 
========================================================================
Received Import Request.
  Time since last request: 10.590805 seconds.
  path: Assets/Resources/Sprites/Maps/overworld_GFX.png
  artifactKey: Guid(bd725bba470750a499dc89bb5743670c) Importer(815301076,1909f56bfc062723c751e8b465ee728b)
Start importing Assets/Resources/Sprites/Maps/overworld_GFX.png using Guid(bd725bba470750a499dc89bb5743670c) Importer(815301076,1909f56bfc062723c751e8b465ee728b)  -> (artifact id: 'ef321587a19d9bb83f10aeea02b3ce3c') in 0.028333 seconds 
========================================================================
Received Import Request.
  Time since last request: 22.085173 seconds.
  path: Assets/Resources/Sprites/Maps/terrain_atlas_LPC.png
  artifactKey: Guid(3f82f0c024a9fb441b85a1634868deac) Importer(815301076,1909f56bfc062723c751e8b465ee728b)
Start importing Assets/Resources/Sprites/Maps/terrain_atlas_LPC.png using Guid(3f82f0c024a9fb441b85a1634868deac) Importer(815301076,1909f56bfc062723c751e8b465ee728b)  -> (artifact id: '21ef8c0204ea25c771db108fc128e74b') in 0.039874 seconds 
========================================================================
Received Import Request.
  Time since last request: 59.245635 seconds.
  path: Assets/Resources/Sprites/Maps/inner_GFX.png
  artifactKey: Guid(9e968291c194fdf4fab93488c5cc9cb1) Importer(815301076,1909f56bfc062723c751e8b465ee728b)
Start importing Assets/Resources/Sprites/Maps/inner_GFX.png using Guid(9e968291c194fdf4fab93488c5cc9cb1) Importer(815301076,1909f56bfc062723c751e8b465ee728b)  -> (artifact id: '01193a9de90dee5055f9914abe6bc672') in 1.418384 seconds 
========================================================================
Received Import Request.
  Time since last request: 72.717158 seconds.
  path: Assets/Resources/Sprites/Maps/overworld_GFX.png
  artifactKey: Guid(bd725bba470750a499dc89bb5743670c) Importer(815301076,1909f56bfc062723c751e8b465ee728b)
Start importing Assets/Resources/Sprites/Maps/overworld_GFX.png using Guid(bd725bba470750a499dc89bb5743670c) Importer(815301076,1909f56bfc062723c751e8b465ee728b)  -> (artifact id: '46c3740d26ecabd0855f77c51400cdf6') in 5.424075 seconds 
========================================================================
Received Import Request.
  Time since last request: 86.864795 seconds.
  path: Assets/Resources/New Folder
  artifactKey: Guid(25e7ad79ed2ccd44eac5f33ab275cd36) Importer(815301076,1909f56bfc062723c751e8b465ee728b)
Start importing Assets/Resources/New Folder using Guid(25e7ad79ed2ccd44eac5f33ab275cd36) Importer(815301076,1909f56bfc062723c751e8b465ee728b)  -> (artifact id: '7f50bb11cb96aff055df43c2498f7e4a') in 0.014419 seconds 
========================================================================
Received Import Request.
  Time since last request: 4.954825 seconds.
  path: Assets/Resources/Maps
  artifactKey: Guid(25e7ad79ed2ccd44eac5f33ab275cd36) Importer(815301076,1909f56bfc062723c751e8b465ee728b)
Start importing Assets/Resources/Maps using Guid(25e7ad79ed2ccd44eac5f33ab275cd36) Importer(815301076,1909f56bfc062723c751e8b465ee728b)  -> (artifact id: '4d3bece1add413302ca47bd8f56adae6') in 0.013195 seconds 
========================================================================
Received Import Request.
  Time since last request: 18.424068 seconds.
  path: Assets/Resources/Maps/Textures
  artifactKey: Guid(182ef84b3dbc1a446adfb7daae934a73) Importer(815301076,1909f56bfc062723c751e8b465ee728b)
Start importing Assets/Resources/Maps/Textures using Guid(182ef84b3dbc1a446adfb7daae934a73) Importer(815301076,1909f56bfc062723c751e8b465ee728b)  -> (artifact id: '95b6c55bf9d12617b9b875722c11d3e4') in 0.014816 seconds 
========================================================================
Received Import Request.
  Time since last request: 96.479519 seconds.
  path: Assets/Resources/Maps/Inner_GFX_Palette.prefab
  artifactKey: Guid(26843bc1ad831af4799d743e1832db47) Importer(815301076,1909f56bfc062723c751e8b465ee728b)
Start importing Assets/Resources/Maps/Inner_GFX_Palette.prefab using Guid(26843bc1ad831af4799d743e1832db47) Importer(815301076,1909f56bfc062723c751e8b465ee728b)  -> (artifact id: '712b757900ce3017d977ffb5adae8c1e') in 0.040416 seconds 
========================================================================
Received Import Request.
  Time since last request: 20.950498 seconds.
  path: Assets/Resources/Maps/GFX_in_Palette.prefab
  artifactKey: Guid(26843bc1ad831af4799d743e1832db47) Importer(815301076,1909f56bfc062723c751e8b465ee728b)
Start importing Assets/Resources/Maps/GFX_in_Palette.prefab using Guid(26843bc1ad831af4799d743e1832db47) Importer(815301076,1909f56bfc062723c751e8b465ee728b)  -> (artifact id: '2a32ab29a404677582a022785f619ce0') in 0.032112 seconds 
========================================================================
Received Import Request.
  Time since last request: 0.265108 seconds.
  path: Assets/Resources/Maps/Outer_GFX_Palette.prefab
  artifactKey: Guid(8a61da2301e13a444a17b700c72dfb45) Importer(815301076,1909f56bfc062723c751e8b465ee728b)
Start importing Assets/Resources/Maps/Outer_GFX_Palette.prefab using Guid(8a61da2301e13a444a17b700c72dfb45) Importer(815301076,1909f56bfc062723c751e8b465ee728b)  -> (artifact id: 'a5531e73b7b3a363c2d0787ebb54abad') in 0.032766 seconds 
========================================================================
Received Import Request.
  Time since last request: 14.468423 seconds.
  path: Assets/Resources/Maps/GFX_out_Palette.prefab
  artifactKey: Guid(8a61da2301e13a444a17b700c72dfb45) Importer(815301076,1909f56bfc062723c751e8b465ee728b)
Start importing Assets/Resources/Maps/GFX_out_Palette.prefab using Guid(8a61da2301e13a444a17b700c72dfb45) Importer(815301076,1909f56bfc062723c751e8b465ee728b)  -> (artifact id: 'bf2fa55b44606d90b8455ee4cc399120') in 0.030291 seconds 
========================================================================
Received Import Request.
  Time since last request: 477.774396 seconds.
  path: Assets/Resources/Sprites/Maps/terrain_atlas_LPC.png
  artifactKey: Guid(3f82f0c024a9fb441b85a1634868deac) Importer(815301076,1909f56bfc062723c751e8b465ee728b)
Start importing Assets/Resources/Sprites/Maps/terrain_atlas_LPC.png using Guid(3f82f0c024a9fb441b85a1634868deac) Importer(815301076,1909f56bfc062723c751e8b465ee728b)  -> (artifact id: '12e8081ce3db8109a72c2c2aecc22bbc') in 12.742009 seconds 
AssetImportWorkerClient::OnTransportError - code=2 error=End of file
